  Source.cpp
d:\users\nep\documents\git\pa\kalkulator 1.0\kalkulator 1.0\kalkulator 1.0\source.cpp(101): error C2440: '=': cannot convert from 'char *' to 'LPCWSTR'
  d:\users\nep\documents\git\pa\kalkulator 1.0\kalkulator 1.0\kalkulator 1.0\source.cpp(101): note: Types pointed to are unrelated; conversion requires reinterpret_cast, C-style cast or function-style cast
d:\users\nep\documents\git\pa\kalkulator 1.0\kalkulator 1.0\kalkulator 1.0\source.cpp(108): error C2664: 'HWND CreateWindowExW(DWORD,LPCWSTR,LPCWSTR,DWORD,int,int,int,int,HWND,HMENU,HINSTANCE,LPVOID)': cannot convert argument 2 from 'char *' to 'LPCWSTR'
  d:\users\nep\documents\git\pa\kalkulator 1.0\kalkulator 1.0\kalkulator 1.0\source.cpp(108): note: Types pointed to are unrelated; conversion requires reinterpret_cast, C-style cast or function-style cast
d:\users\nep\documents\git\pa\kalkulator 1.0\kalkulator 1.0\kalkulator 1.0\source.cpp(126): error C2664: 'HWND CreateWindowExW(DWORD,LPCWSTR,LPCWSTR,DWORD,int,int,int,int,HWND,HMENU,HINSTANCE,LPVOID)': cannot convert argument 2 from 'const char [7]' to 'LPCWSTR'
  d:\users\nep\documents\git\pa\kalkulator 1.0\kalkulator 1.0\kalkulator 1.0\source.cpp(126): note: Types pointed to are unrelated; conversion requires reinterpret_cast, C-style cast or function-style cast
d:\users\nep\documents\git\pa\kalkulator 1.0\kalkulator 1.0\kalkulator 1.0\source.cpp(127): error C2664: 'HWND CreateWindowExW(DWORD,LPCWSTR,LPCWSTR,DWORD,int,int,int,int,HWND,HMENU,HINSTANCE,LPVOID)': cannot convert argument 2 from 'const char [7]' to 'LPCWSTR'
  d:\users\nep\documents\git\pa\kalkulator 1.0\kalkulator 1.0\kalkulator 1.0\source.cpp(127): note: Types pointed to are unrelated; conversion requires reinterpret_cast, C-style cast or function-style cast
d:\users\nep\documents\git\pa\kalkulator 1.0\kalkulator 1.0\kalkulator 1.0\source.cpp(128): error C2664: 'HWND CreateWindowExW(DWORD,LPCWSTR,LPCWSTR,DWORD,int,int,int,int,HWND,HMENU,HINSTANCE,LPVOID)': cannot convert argument 2 from 'const char [7]' to 'LPCWSTR'
  d:\users\nep\documents\git\pa\kalkulator 1.0\kalkulator 1.0\kalkulator 1.0\source.cpp(128): note: Types pointed to are unrelated; conversion requires reinterpret_cast, C-style cast or function-style cast
d:\users\nep\documents\git\pa\kalkulator 1.0\kalkulator 1.0\kalkulator 1.0\source.cpp(129): error C2664: 'HWND CreateWindowExW(DWORD,LPCWSTR,LPCWSTR,DWORD,int,int,int,int,HWND,HMENU,HINSTANCE,LPVOID)': cannot convert argument 2 from 'const char [7]' to 'LPCWSTR'
  d:\users\nep\documents\git\pa\kalkulator 1.0\kalkulator 1.0\kalkulator 1.0\source.cpp(129): note: Types pointed to are unrelated; conversion requires reinterpret_cast, C-style cast or function-style cast
d:\users\nep\documents\git\pa\kalkulator 1.0\kalkulator 1.0\kalkulator 1.0\source.cpp(130): error C2664: 'HWND CreateWindowExW(DWORD,LPCWSTR,LPCWSTR,DWORD,int,int,int,int,HWND,HMENU,HINSTANCE,LPVOID)': cannot convert argument 2 from 'const char [7]' to 'LPCWSTR'
  d:\users\nep\documents\git\pa\kalkulator 1.0\kalkulator 1.0\kalkulator 1.0\source.cpp(130): note: Types pointed to are unrelated; conversion requires reinterpret_cast, C-style cast or function-style cast
d:\users\nep\documents\git\pa\kalkulator 1.0\kalkulator 1.0\kalkulator 1.0\source.cpp(131): error C2664: 'HWND CreateWindowExW(DWORD,LPCWSTR,LPCWSTR,DWORD,int,int,int,int,HWND,HMENU,HINSTANCE,LPVOID)': cannot convert argument 2 from 'const char [7]' to 'LPCWSTR'
  d:\users\nep\documents\git\pa\kalkulator 1.0\kalkulator 1.0\kalkulator 1.0\source.cpp(131): note: Types pointed to are unrelated; conversion requires reinterpret_cast, C-style cast or function-style cast
d:\users\nep\documents\git\pa\kalkulator 1.0\kalkulator 1.0\kalkulator 1.0\source.cpp(132): error C2664: 'HWND CreateWindowExW(DWORD,LPCWSTR,LPCWSTR,DWORD,int,int,int,int,HWND,HMENU,HINSTANCE,LPVOID)': cannot convert argument 2 from 'const char [7]' to 'LPCWSTR'
  d:\users\nep\documents\git\pa\kalkulator 1.0\kalkulator 1.0\kalkulator 1.0\source.cpp(132): note: Types pointed to are unrelated; conversion requires reinterpret_cast, C-style cast or function-style cast
d:\users\nep\documents\git\pa\kalkulator 1.0\kalkulator 1.0\kalkulator 1.0\source.cpp(133): error C2664: 'HWND CreateWindowExW(DWORD,LPCWSTR,LPCWSTR,DWORD,int,int,int,int,HWND,HMENU,HINSTANCE,LPVOID)': cannot convert argument 2 from 'const char [7]' to 'LPCWSTR'
  d:\users\nep\documents\git\pa\kalkulator 1.0\kalkulator 1.0\kalkulator 1.0\source.cpp(133): note: Types pointed to are unrelated; conversion requires reinterpret_cast, C-style cast or function-style cast
d:\users\nep\documents\git\pa\kalkulator 1.0\kalkulator 1.0\kalkulator 1.0\source.cpp(134): error C2664: 'HWND CreateWindowExW(DWORD,LPCWSTR,LPCWSTR,DWORD,int,int,int,int,HWND,HMENU,HINSTANCE,LPVOID)': cannot convert argument 2 from 'const char [7]' to 'LPCWSTR'
  d:\users\nep\documents\git\pa\kalkulator 1.0\kalkulator 1.0\kalkulator 1.0\source.cpp(134): note: Types pointed to are unrelated; conversion requires reinterpret_cast, C-style cast or function-style cast
d:\users\nep\documents\git\pa\kalkulator 1.0\kalkulator 1.0\kalkulator 1.0\source.cpp(136): error C2664: 'HWND CreateWindowExW(DWORD,LPCWSTR,LPCWSTR,DWORD,int,int,int,int,HWND,HMENU,HINSTANCE,LPVOID)': cannot convert argument 2 from 'const char [7]' to 'LPCWSTR'
  d:\users\nep\documents\git\pa\kalkulator 1.0\kalkulator 1.0\kalkulator 1.0\source.cpp(136): note: Types pointed to are unrelated; conversion requires reinterpret_cast, C-style cast or function-style cast
d:\users\nep\documents\git\pa\kalkulator 1.0\kalkulator 1.0\kalkulator 1.0\source.cpp(137): error C2664: 'HWND CreateWindowExW(DWORD,LPCWSTR,LPCWSTR,DWORD,int,int,int,int,HWND,HMENU,HINSTANCE,LPVOID)': cannot convert argument 2 from 'const char [7]' to 'LPCWSTR'
  d:\users\nep\documents\git\pa\kalkulator 1.0\kalkulator 1.0\kalkulator 1.0\source.cpp(137): note: Types pointed to are unrelated; conversion requires reinterpret_cast, C-style cast or function-style cast
d:\users\nep\documents\git\pa\kalkulator 1.0\kalkulator 1.0\kalkulator 1.0\source.cpp(138): error C2664: 'HWND CreateWindowExW(DWORD,LPCWSTR,LPCWSTR,DWORD,int,int,int,int,HWND,HMENU,HINSTANCE,LPVOID)': cannot convert argument 2 from 'const char [7]' to 'LPCWSTR'
  d:\users\nep\documents\git\pa\kalkulator 1.0\kalkulator 1.0\kalkulator 1.0\source.cpp(138): note: Types pointed to are unrelated; conversion requires reinterpret_cast, C-style cast or function-style cast
d:\users\nep\documents\git\pa\kalkulator 1.0\kalkulator 1.0\kalkulator 1.0\source.cpp(140): error C2664: 'HWND CreateWindowExW(DWORD,LPCWSTR,LPCWSTR,DWORD,int,int,int,int,HWND,HMENU,HINSTANCE,LPVOID)': cannot convert argument 2 from 'const char [7]' to 'LPCWSTR'
  d:\users\nep\documents\git\pa\kalkulator 1.0\kalkulator 1.0\kalkulator 1.0\source.cpp(140): note: Types pointed to are unrelated; conversion requires reinterpret_cast, C-style cast or function-style cast
d:\users\nep\documents\git\pa\kalkulator 1.0\kalkulator 1.0\kalkulator 1.0\source.cpp(141): error C2664: 'HWND CreateWindowExW(DWORD,LPCWSTR,LPCWSTR,DWORD,int,int,int,int,HWND,HMENU,HINSTANCE,LPVOID)': cannot convert argument 2 from 'const char [7]' to 'LPCWSTR'
  d:\users\nep\documents\git\pa\kalkulator 1.0\kalkulator 1.0\kalkulator 1.0\source.cpp(141): note: Types pointed to are unrelated; conversion requires reinterpret_cast, C-style cast or function-style cast
d:\users\nep\documents\git\pa\kalkulator 1.0\kalkulator 1.0\kalkulator 1.0\source.cpp(142): error C2664: 'HWND CreateWindowExW(DWORD,LPCWSTR,LPCWSTR,DWORD,int,int,int,int,HWND,HMENU,HINSTANCE,LPVOID)': cannot convert argument 2 from 'const char [7]' to 'LPCWSTR'
  d:\users\nep\documents\git\pa\kalkulator 1.0\kalkulator 1.0\kalkulator 1.0\source.cpp(142): note: Types pointed to are unrelated; conversion requires reinterpret_cast, C-style cast or function-style cast
d:\users\nep\documents\git\pa\kalkulator 1.0\kalkulator 1.0\kalkulator 1.0\source.cpp(143): error C2664: 'HWND CreateWindowExW(DWORD,LPCWSTR,LPCWSTR,DWORD,int,int,int,int,HWND,HMENU,HINSTANCE,LPVOID)': cannot convert argument 2 from 'const char [7]' to 'LPCWSTR'
  d:\users\nep\documents\git\pa\kalkulator 1.0\kalkulator 1.0\kalkulator 1.0\source.cpp(143): note: Types pointed to are unrelated; conversion requires reinterpret_cast, C-style cast or function-style cast
d:\users\nep\documents\git\pa\kalkulator 1.0\kalkulator 1.0\kalkulator 1.0\source.cpp(145): error C2664: 'HWND CreateWindowExW(DWORD,LPCWSTR,LPCWSTR,DWORD,int,int,int,int,HWND,HMENU,HINSTANCE,LPVOID)': cannot convert argument 2 from 'const char [7]' to 'LPCWSTR'
  d:\users\nep\documents\git\pa\kalkulator 1.0\kalkulator 1.0\kalkulator 1.0\source.cpp(145): note: Types pointed to are unrelated; conversion requires reinterpret_cast, C-style cast or function-style cast
d:\users\nep\documents\git\pa\kalkulator 1.0\kalkulator 1.0\kalkulator 1.0\source.cpp(146): error C2664: 'HWND CreateWindowExW(DWORD,LPCWSTR,LPCWSTR,DWORD,int,int,int,int,HWND,HMENU,HINSTANCE,LPVOID)': cannot convert argument 2 from 'const char [7]' to 'LPCWSTR'
  d:\users\nep\documents\git\pa\kalkulator 1.0\kalkulator 1.0\kalkulator 1.0\source.cpp(146): note: Types pointed to are unrelated; conversion requires reinterpret_cast, C-style cast or function-style cast
d:\users\nep\documents\git\pa\kalkulator 1.0\kalkulator 1.0\kalkulator 1.0\source.cpp(147): error C2664: 'HWND CreateWindowExW(DWORD,LPCWSTR,LPCWSTR,DWORD,int,int,int,int,HWND,HMENU,HINSTANCE,LPVOID)': cannot convert argument 2 from 'const char [7]' to 'LPCWSTR'
  d:\users\nep\documents\git\pa\kalkulator 1.0\kalkulator 1.0\kalkulator 1.0\source.cpp(147): note: Types pointed to are unrelated; conversion requires reinterpret_cast, C-style cast or function-style cast
d:\users\nep\documents\git\pa\kalkulator 1.0\kalkulator 1.0\kalkulator 1.0\source.cpp(149): error C2664: 'HWND CreateWindowExW(DWORD,LPCWSTR,LPCWSTR,DWORD,int,int,int,int,HWND,HMENU,HINSTANCE,LPVOID)': cannot convert argument 2 from 'const char [7]' to 'LPCWSTR'
  d:\users\nep\documents\git\pa\kalkulator 1.0\kalkulator 1.0\kalkulator 1.0\source.cpp(149): note: Types pointed to are unrelated; conversion requires reinterpret_cast, C-style cast or function-style cast
d:\users\nep\documents\git\pa\kalkulator 1.0\kalkulator 1.0\kalkulator 1.0\source.cpp(151): error C2664: 'HWND CreateWindowExW(DWORD,LPCWSTR,LPCWSTR,DWORD,int,int,int,int,HWND,HMENU,HINSTANCE,LPVOID)': cannot convert argument 2 from 'const char [7]' to 'LPCWSTR'
  d:\users\nep\documents\git\pa\kalkulator 1.0\kalkulator 1.0\kalkulator 1.0\source.cpp(151): note: Types pointed to are unrelated; conversion requires reinterpret_cast, C-style cast or function-style cast
d:\users\nep\documents\git\pa\kalkulator 1.0\kalkulator 1.0\kalkulator 1.0\source.cpp(152): error C2664: 'HWND CreateWindowExW(DWORD,LPCWSTR,LPCWSTR,DWORD,int,int,int,int,HWND,HMENU,HINSTANCE,LPVOID)': cannot convert argument 2 from 'const char [7]' to 'LPCWSTR'
  d:\users\nep\documents\git\pa\kalkulator 1.0\kalkulator 1.0\kalkulator 1.0\source.cpp(152): note: Types pointed to are unrelated; conversion requires reinterpret_cast, C-style cast or function-style cast
d:\users\nep\documents\git\pa\kalkulator 1.0\kalkulator 1.0\kalkulator 1.0\source.cpp(153): error C2664: 'HWND CreateWindowExW(DWORD,LPCWSTR,LPCWSTR,DWORD,int,int,int,int,HWND,HMENU,HINSTANCE,LPVOID)': cannot convert argument 2 from 'const char [7]' to 'LPCWSTR'
  d:\users\nep\documents\git\pa\kalkulator 1.0\kalkulator 1.0\kalkulator 1.0\source.cpp(153): note: Types pointed to are unrelated; conversion requires reinterpret_cast, C-style cast or function-style cast
d:\users\nep\documents\git\pa\kalkulator 1.0\kalkulator 1.0\kalkulator 1.0\source.cpp(154): error C2664: 'HWND CreateWindowExW(DWORD,LPCWSTR,LPCWSTR,DWORD,int,int,int,int,HWND,HMENU,HINSTANCE,LPVOID)': cannot convert argument 2 from 'const char [7]' to 'LPCWSTR'
  d:\users\nep\documents\git\pa\kalkulator 1.0\kalkulator 1.0\kalkulator 1.0\source.cpp(154): note: Types pointed to are unrelated; conversion requires reinterpret_cast, C-style cast or function-style cast
d:\users\nep\documents\git\pa\kalkulator 1.0\kalkulator 1.0\kalkulator 1.0\source.cpp(155): error C2664: 'HWND CreateWindowExW(DWORD,LPCWSTR,LPCWSTR,DWORD,int,int,int,int,HWND,HMENU,HINSTANCE,LPVOID)': cannot convert argument 2 from 'const char [7]' to 'LPCWSTR'
  d:\users\nep\documents\git\pa\kalkulator 1.0\kalkulator 1.0\kalkulator 1.0\source.cpp(155): note: Types pointed to are unrelated; conversion requires reinterpret_cast, C-style cast or function-style cast
d:\users\nep\documents\git\pa\kalkulator 1.0\kalkulator 1.0\kalkulator 1.0\source.cpp(158): error C2664: 'HWND CreateWindowExW(DWORD,LPCWSTR,LPCWSTR,DWORD,int,int,int,int,HWND,HMENU,HINSTANCE,LPVOID)': cannot convert argument 2 from 'const char [7]' to 'LPCWSTR'
  d:\users\nep\documents\git\pa\kalkulator 1.0\kalkulator 1.0\kalkulator 1.0\source.cpp(158): note: Types pointed to are unrelated; conversion requires reinterpret_cast, C-style cast or function-style cast
d:\users\nep\documents\git\pa\kalkulator 1.0\kalkulator 1.0\kalkulator 1.0\source.cpp(160): error C2664: 'HWND CreateWindowExW(DWORD,LPCWSTR,LPCWSTR,DWORD,int,int,int,int,HWND,HMENU,HINSTANCE,LPVOID)': cannot convert argument 2 from 'const char [5]' to 'LPCWSTR'
  d:\users\nep\documents\git\pa\kalkulator 1.0\kalkulator 1.0\kalkulator 1.0\source.cpp(160): note: Types pointed to are unrelated; conversion requires reinterpret_cast, C-style cast or function-style cast
d:\users\nep\documents\git\pa\kalkulator 1.0\kalkulator 1.0\kalkulator 1.0\source.cpp(612): error C2664: 'BOOL SetWindowTextW(HWND,LPCWSTR)': cannot convert argument 2 from 'const char *' to 'LPCWSTR'
  d:\users\nep\documents\git\pa\kalkulator 1.0\kalkulator 1.0\kalkulator 1.0\source.cpp(612): note: Types pointed to are unrelated; conversion requires reinterpret_cast, C-style cast or function-style cast
d:\users\nep\documents\git\pa\kalkulator 1.0\kalkulator 1.0\kalkulator 1.0\source.cpp(656): warning C4244: 'initializing': conversion from 'double' to 'int', possible loss of data
